# JRE version: Java(TM) SE Runtime Environment (17.0.8+9) (build 17.0.8+9-LTS-211)
# Java VM: Java HotSpot(TM) 64-Bit Server VM (17.0.8+9-LTS-211, mixed mode, sharing, tiered, compressed oops, compressed class ptrs, g1 gc, windows-amd64)
GC Precious Log:
 CPUs: 8 total, 8 available
 Memory: 7999M
 Large Page Support: Disabled
 NUMA Support: Disabled
 Compressed Oops: Enabled (32-bit)
 Heap Region Size: 1M
 Heap Min Capacity: 8M
 Heap Initial Capacity: 126M
 Heap Max Capacity: 2000M
 Pre-touch: Disabled
 Parallel Workers: 8
 Concurrent Workers: 2
 Concurrent Refinement Workers: 8
 Periodic GC: Disabled
Heap:
 garbage-first heap   total 443392K, used 145802K [0x0000000083000000, 0x0000000100000000)
  region size 1024K, 43 young (44032K), 1 survivors (1024K)
 Metaspace       used 84045K, committed 84608K, reserved 1179648K
  class space    used 10813K, committed 11072K, reserved 1048576K
GC Heap History (20 events):
Event: 11.007 GC heap before
{Heap before GC invocations=27 (full 0):
 garbage-first heap   total 140288K, used 116596K [0x0000000083000000, 0x0000000100000000)
  region size 1024K, 46 young (47104K), 3 survivors (3072K)
 Metaspace       used 68335K, committed 68864K, reserved 1114112K
  class space    used 8585K, committed 8832K, reserved 1048576K
}
Event: 11.013 GC heap after
{Heap after GC invocations=28 (full 0):
 garbage-first heap   total 140288K, used 75345K [0x0000000083000000, 0x0000000100000000)
  region size 1024K, 5 young (5120K), 5 survivors (5120K)
 Metaspace       used 68335K, committed 68864K, reserved 1114112K
  class space    used 8585K, committed 8832K, reserved 1048576K
}
Event: 11.018 GC heap before
{Heap before GC invocations=28 (full 0):
 garbage-first heap   total 140288K, used 76369K [0x0000000083000000, 0x0000000100000000)
  region size 1024K, 6 young (6144K), 5 survivors (5120K)
 Metaspace       used 68346K, committed 68864K, reserved 1114112K
  class space    used 8587K, committed 8832K, reserved 1048576K
}
Event: 11.024 GC heap after
{Heap after GC invocations=29 (full 0):
 garbage-first heap   total 168960K, used 75577K [0x0000000083000000, 0x0000000100000000)
  region size 1024K, 1 young (1024K), 1 survivors (1024K)
 Metaspace       used 68346K, committed 68864K, reserved 1114112K
  class space    used 8587K, committed 8832K, reserved 1048576K
}
Event: 11.695 GC heap before
{Heap before GC invocations=29 (full 0):
 garbage-first heap   total 168960K, used 139065K [0x0000000083000000, 0x0000000100000000)
  region size 1024K, 63 young (64512K), 1 survivors (1024K)
 Metaspace       used 71992K, committed 72448K, reserved 1114112K
  class space    used 9074K, committed 9280K, reserved 1048576K
}
Event: 11.699 GC heap after
{Heap after GC invocations=30 (full 0):
 garbage-first heap   total 168960K, used 77837K [0x0000000083000000, 0x0000000100000000)
  region size 1024K, 4 young (4096K), 4 survivors (4096K)
 Metaspace       used 71992K, committed 72448K, reserved 1114112K
  class space    used 9074K, committed 9280K, reserved 1048576K
}
Event: 12.232 GC heap before
{Heap before GC invocations=30 (full 0):
 garbage-first heap   total 168960K, used 139277K [0x0000000083000000, 0x0000000100000000)
  region size 1024K, 64 young (65536K), 4 survivors (4096K)
 Metaspace       used 74447K, committed 75008K, reserved 1114112K
  class space    used 9436K, committed 9728K, reserved 1048576K
}
Event: 12.239 GC heap after
{Heap after GC invocations=31 (full 0):
 garbage-first heap   total 168960K, used 84920K [0x0000000083000000, 0x0000000100000000)
  region size 1024K, 8 young (8192K), 8 survivors (8192K)
 Metaspace       used 74447K, committed 75008K, reserved 1114112K
  class space    used 9436K, committed 9728K, reserved 1048576K
}
Event: 12.670 GC heap before
{Heap before GC invocations=31 (full 0):
 garbage-first heap   total 168960K, used 138168K [0x0000000083000000, 0x0000000100000000)
  region size 1024K, 60 young (61440K), 8 survivors (8192K)
 Metaspace       used 76234K, committed 76800K, reserved 1179648K
  class space    used 9767K, committed 10048K, reserved 1048576K
}
Event: 12.681 GC heap after
{Heap after GC invocations=32 (full 0):
 garbage-first heap   total 168960K, used 96004K [0x0000000083000000, 0x0000000100000000)
  region size 1024K, 8 young (8192K), 8 survivors (8192K)
 Metaspace       used 76234K, committed 76800K, reserved 1179648K
  class space    used 9767K, committed 10048K, reserved 1048576K
}
Event: 12.951 GC heap before
{Heap before GC invocations=33 (full 0):
 garbage-first heap   total 178176K, used 133892K [0x0000000083000000, 0x0000000100000000)
  region size 1024K, 45 young (46080K), 8 survivors (8192K)
 Metaspace       used 77147K, committed 77696K, reserved 1179648K
  class space    used 9916K, committed 10176K, reserved 1048576K
}
Event: 12.956 GC heap after
{Heap after GC invocations=34 (full 0):
 garbage-first heap   total 178176K, used 99162K [0x0000000083000000, 0x0000000100000000)
  region size 1024K, 3 young (3072K), 3 survivors (3072K)
 Metaspace       used 77147K, committed 77696K, reserved 1179648K
  class space    used 9916K, committed 10176K, reserved 1048576K
}
Event: 12.985 GC heap before
{Heap before GC invocations=34 (full 0):
 garbage-first heap   total 178176K, used 103258K [0x0000000083000000, 0x0000000100000000)
  region size 1024K, 8 young (8192K), 3 survivors (3072K)
 Metaspace       used 77552K, committed 78144K, reserved 1179648K
  class space    used 9945K, committed 10240K, reserved 1048576K
}
Event: 12.993 GC heap after
{Heap after GC invocations=35 (full 0):
 garbage-first heap   total 178176K, used 98559K [0x0000000083000000, 0x0000000100000000)
  region size 1024K, 1 young (1024K), 1 survivors (1024K)
 Metaspace       used 77552K, committed 78144K, reserved 1179648K
  class space    used 9945K, committed 10240K, reserved 1048576K
}
Event: 13.545 GC heap before
{Heap before GC invocations=35 (full 0):
 garbage-first heap   total 178176K, used 143615K [0x0000000083000000, 0x0000000100000000)
  region size 1024K, 45 young (46080K), 1 survivors (1024K)
 Metaspace       used 79669K, committed 80256K, reserved 1179648K
  class space    used 10254K, committed 10560K, reserved 1048576K
}
Event: 13.550 GC heap after
{Heap after GC invocations=36 (full 0):
 garbage-first heap   total 178176K, used 101303K [0x0000000083000000, 0x0000000100000000)
  region size 1024K, 4 young (4096K), 4 survivors (4096K)
 Metaspace       used 79669K, committed 80256K, reserved 1179648K
  class space    used 10254K, committed 10560K, reserved 1048576K
}
Event: 14.071 GC heap before
{Heap before GC invocations=37 (full 0):
 garbage-first heap   total 181248K, used 144311K [0x0000000083000000, 0x0000000100000000)
  region size 1024K, 46 young (47104K), 4 survivors (4096K)
 Metaspace       used 81747K, committed 82368K, reserved 1179648K
  class space    used 10507K, committed 10816K, reserved 1048576K
}
Event: 14.077 GC heap after
{Heap after GC invocations=38 (full 0):
 garbage-first heap   total 181248K, used 103449K [0x0000000083000000, 0x0000000100000000)
  region size 1024K, 6 young (6144K), 6 survivors (6144K)
 Metaspace       used 81747K, committed 82368K, reserved 1179648K
  class space    used 10507K, committed 10816K, reserved 1048576K
}
Event: 14.099 GC heap before
{Heap before GC invocations=38 (full 0):
 garbage-first heap   total 181248K, used 105497K [0x0000000083000000, 0x0000000100000000)
  region size 1024K, 8 young (8192K), 6 survivors (6144K)
 Metaspace       used 81847K, committed 82432K, reserved 1179648K
  class space    used 10520K, committed 10816K, reserved 1048576K
}
Event: 14.106 GC heap after
{Heap after GC invocations=39 (full 0):
 garbage-first heap   total 443392K, used 103818K [0x0000000083000000, 0x0000000100000000)
  region size 1024K, 1 young (1024K), 1 survivors (1024K)
 Metaspace       used 81847K, committed 82432K, reserved 1179648K
  class space    used 10520K, committed 10816K, reserved 1048576K
}

